<?xml version="1.0" encoding="UTF-8"?>
<!-- Generated by org.testng.reporters.JUnitReportReporter -->
<testsuite hostname="Acorn" name="CustomArrayUtilTest" tests="1" failures="0" timestamp="29 Jul 2013 20:20:23 GMT" time="0.000" errors="0">
  <testcase name="testMergeSort" time="0.000" classname="CustomArrayUtilTest"/>
</testsuite>
